0 info it worked if it ends with ok
1 verbose cli [ '/usr/local/Cellar/node/0.8.12/bin/node',
1 verbose cli   '/usr/local/bin/npm',
1 verbose cli   'version',
1 verbose cli   'less' ]
2 info using npm@1.1.63
3 info using node@v0.8.12
4 error version No package.json found
5 error Error: ENOENT, open '/Users/handsome_kidd/KiddDev/github/note/css/grid/package.json'
6 error If you need help, you may report this log at:
6 error     <http://github.com/isaacs/npm/issues>
6 error or email it to:
6 error     <npm-@googlegroups.com>
7 error System Darwin 12.2.0
8 error command "/usr/local/Cellar/node/0.8.12/bin/node" "/usr/local/bin/npm" "version" "less"
9 error cwd /Users/handsome_kidd/KiddDev/github/note/css/grid
10 error node -v v0.8.12
11 error npm -v 1.1.63
12 error path /Users/handsome_kidd/KiddDev/github/note/css/grid/package.json
13 error code ENOENT
14 error errno 34
15 verbose exit [ 34, true ]
